  xcodec.cpp
D:\study\media-related\ffmpeg\code\src\xcodec\xtools.h(117,20): warning C4251: “XThread::th_”: class“std::thread”需要有 dll 接口由 class“XThread”的客户端使用
C:\Program Files (x86)\Microsoft Visual Studio\2019\Community\VC\Tools\MSVC\14.23.28105\include\thread(25): message : 参见“std::thread”的声明
D:\study\media-related\ffmpeg\code\src\xcodec\xtools.h(118,18): warning C4251: “XThread::m_”: class“std::mutex”需要有 dll 接口由 class“XThread”的客户端使用
C:\Program Files (x86)\Microsoft Visual Studio\2019\Community\VC\Tools\MSVC\14.23.28105\include\mutex(83): message : 参见“std::mutex”的声明
D:\study\media-related\ffmpeg\code\src\xcodec\xtools.h(153,31): warning C4251: “XAVPacketList::pkts_”: class“std::list<AVPacket *,std::allocator<_Ty>>”需要有 dll 接口由 class“XAVPacketList”的客户端使用
D:\study\media-related\ffmpeg\code\src\xcodec\xtools.h(153,31): warning C4251:         with
D:\study\media-related\ffmpeg\code\src\xcodec\xtools.h(153,31): warning C4251:         [
D:\study\media-related\ffmpeg\code\src\xcodec\xtools.h(153,31): warning C4251:             _Ty=AVPacket *
D:\study\media-related\ffmpeg\code\src\xcodec\xtools.h(153,31): warning C4251:         ]
D:\study\media-related\ffmpeg\code\src\xcodec\xtools.h(153): message : 参见“std::list<AVPacket *,std::allocator<_Ty>>”的声明
D:\study\media-related\ffmpeg\code\src\xcodec\xtools.h(153): message :         with
D:\study\media-related\ffmpeg\code\src\xcodec\xtools.h(153): message :         [
D:\study\media-related\ffmpeg\code\src\xcodec\xtools.h(153): message :             _Ty=AVPacket *
D:\study\media-related\ffmpeg\code\src\xcodec\xtools.h(153): message :         ]
D:\study\media-related\ffmpeg\code\src\xcodec\xtools.h(155,20): warning C4251: “XAVPacketList::mux_”: class“std::mutex”需要有 dll 接口由 class“XAVPacketList”的客户端使用
C:\Program Files (x86)\Microsoft Visual Studio\2019\Community\VC\Tools\MSVC\14.23.28105\include\mutex(83): message : 参见“std::mutex”的声明
D:\study\media-related\ffmpeg\code\src\xcodec\xcodec.h(64,20): warning C4251: “XCodec::mux_”: class“std::mutex”需要有 dll 接口由 class“XCodec”的客户端使用
C:\Program Files (x86)\Microsoft Visual Studio\2019\Community\VC\Tools\MSVC\14.23.28105\include\mutex(83): message : 参见“std::mutex”的声明
  xdecode.cpp
D:\study\media-related\ffmpeg\code\src\xcodec\xcodec.cpp(31,10): fatal error C1083: 无法打开包括文件: “libavcodec/avcodec.h”: No such file or directory
D:\study\media-related\ffmpeg\code\src\xcodec\xtools.h(117,20): warning C4251: “XThread::th_”: class“std::thread”需要有 dll 接口由 class“XThread”的客户端使用
C:\Program Files (x86)\Microsoft Visual Studio\2019\Community\VC\Tools\MSVC\14.23.28105\include\thread(25): message : 参见“std::thread”的声明
D:\study\media-related\ffmpeg\code\src\xcodec\xtools.h(118,18): warning C4251: “XThread::m_”: class“std::mutex”需要有 dll 接口由 class“XThread”的客户端使用
C:\Program Files (x86)\Microsoft Visual Studio\2019\Community\VC\Tools\MSVC\14.23.28105\include\mutex(83): message : 参见“std::mutex”的声明
D:\study\media-related\ffmpeg\code\src\xcodec\xtools.h(153,31): warning C4251: “XAVPacketList::pkts_”: class“std::list<AVPacket *,std::allocator<_Ty>>”需要有 dll 接口由 class“XAVPacketList”的客户端使用
D:\study\media-related\ffmpeg\code\src\xcodec\xtools.h(153,31): warning C4251:         with
D:\study\media-related\ffmpeg\code\src\xcodec\xtools.h(153,31): warning C4251:         [
D:\study\media-related\ffmpeg\code\src\xcodec\xtools.h(153,31): warning C4251:             _Ty=AVPacket *
D:\study\media-related\ffmpeg\code\src\xcodec\xtools.h(153,31): warning C4251:         ]
D:\study\media-related\ffmpeg\code\src\xcodec\xtools.h(153): message : 参见“std::list<AVPacket *,std::allocator<_Ty>>”的声明
D:\study\media-related\ffmpeg\code\src\xcodec\xtools.h(153): message :         with
D:\study\media-related\ffmpeg\code\src\xcodec\xtools.h(153): message :         [
D:\study\media-related\ffmpeg\code\src\xcodec\xtools.h(153): message :             _Ty=AVPacket *
D:\study\media-related\ffmpeg\code\src\xcodec\xtools.h(153): message :         ]
D:\study\media-related\ffmpeg\code\src\xcodec\xtools.h(155,20): warning C4251: “XAVPacketList::mux_”: class“std::mutex”需要有 dll 接口由 class“XAVPacketList”的客户端使用
C:\Program Files (x86)\Microsoft Visual Studio\2019\Community\VC\Tools\MSVC\14.23.28105\include\mutex(83): message : 参见“std::mutex”的声明
D:\study\media-related\ffmpeg\code\src\xcodec\xcodec.h(64,20): warning C4251: “XCodec::mux_”: class“std::mutex”需要有 dll 接口由 class“XCodec”的客户端使用
C:\Program Files (x86)\Microsoft Visual Studio\2019\Community\VC\Tools\MSVC\14.23.28105\include\mutex(83): message : 参见“std::mutex”的声明
  xdecode_task.cpp
D:\study\media-related\ffmpeg\code\src\xcodec\xdecode.cpp(31,10): fatal error C1083: 无法打开包括文件: “libavcodec/avcodec.h”: No such file or directory
D:\study\media-related\ffmpeg\code\src\xcodec\xtools.h(117,20): warning C4251: “XThread::th_”: class“std::thread”需要有 dll 接口由 class“XThread”的客户端使用
C:\Program Files (x86)\Microsoft Visual Studio\2019\Community\VC\Tools\MSVC\14.23.28105\include\thread(25): message : 参见“std::thread”的声明
D:\study\media-related\ffmpeg\code\src\xcodec\xtools.h(118,18): warning C4251: “XThread::m_”: class“std::mutex”需要有 dll 接口由 class“XThread”的客户端使用
C:\Program Files (x86)\Microsoft Visual Studio\2019\Community\VC\Tools\MSVC\14.23.28105\include\mutex(83): message : 参见“std::mutex”的声明
D:\study\media-related\ffmpeg\code\src\xcodec\xtools.h(153,31): warning C4251: “XAVPacketList::pkts_”: class“std::list<AVPacket *,std::allocator<_Ty>>”需要有 dll 接口由 class“XAVPacketList”的客户端使用
D:\study\media-related\ffmpeg\code\src\xcodec\xtools.h(153,31): warning C4251:         with
D:\study\media-related\ffmpeg\code\src\xcodec\xtools.h(153,31): warning C4251:         [
D:\study\media-related\ffmpeg\code\src\xcodec\xtools.h(153,31): warning C4251:             _Ty=AVPacket *
D:\study\media-related\ffmpeg\code\src\xcodec\xtools.h(153,31): warning C4251:         ]
D:\study\media-related\ffmpeg\code\src\xcodec\xtools.h(153): message : 参见“std::list<AVPacket *,std::allocator<_Ty>>”的声明
D:\study\media-related\ffmpeg\code\src\xcodec\xtools.h(153): message :         with
D:\study\media-related\ffmpeg\code\src\xcodec\xtools.h(153): message :         [
D:\study\media-related\ffmpeg\code\src\xcodec\xtools.h(153): message :             _Ty=AVPacket *
D:\study\media-related\ffmpeg\code\src\xcodec\xtools.h(153): message :         ]
D:\study\media-related\ffmpeg\code\src\xcodec\xtools.h(155,20): warning C4251: “XAVPacketList::mux_”: class“std::mutex”需要有 dll 接口由 class“XAVPacketList”的客户端使用
C:\Program Files (x86)\Microsoft Visual Studio\2019\Community\VC\Tools\MSVC\14.23.28105\include\mutex(83): message : 参见“std::mutex”的声明
D:\study\media-related\ffmpeg\code\src\xcodec\xcodec.h(64,20): warning C4251: “XCodec::mux_”: class“std::mutex”需要有 dll 接口由 class“XCodec”的客户端使用
C:\Program Files (x86)\Microsoft Visual Studio\2019\Community\VC\Tools\MSVC\14.23.28105\include\mutex(83): message : 参见“std::mutex”的声明
D:\study\media-related\ffmpeg\code\src\xcodec\xdecode_task.h(48,20): warning C4251: “XDecodeTask::mux_”: class“std::mutex”需要有 dll 接口由 class“XDecodeTask”的客户端使用
C:\Program Files (x86)\Microsoft Visual Studio\2019\Community\VC\Tools\MSVC\14.23.28105\include\mutex(83): message : 参见“std::mutex”的声明
  xdemux.cpp
D:\study\media-related\ffmpeg\code\src\xcodec\xdecode_task.cpp(31,10): fatal error C1083: 无法打开包括文件: “libavcodec/avcodec.h”: No such file or directory
D:\study\media-related\ffmpeg\code\src\xcodec\xtools.h(117,20): warning C4251: “XThread::th_”: class“std::thread”需要有 dll 接口由 class“XThread”的客户端使用
C:\Program Files (x86)\Microsoft Visual Studio\2019\Community\VC\Tools\MSVC\14.23.28105\include\thread(25): message : 参见“std::thread”的声明
D:\study\media-related\ffmpeg\code\src\xcodec\xtools.h(118,18): warning C4251: “XThread::m_”: class“std::mutex”需要有 dll 接口由 class“XThread”的客户端使用
C:\Program Files (x86)\Microsoft Visual Studio\2019\Community\VC\Tools\MSVC\14.23.28105\include\mutex(83): message : 参见“std::mutex”的声明
D:\study\media-related\ffmpeg\code\src\xcodec\xtools.h(153,31): warning C4251: “XAVPacketList::pkts_”: class“std::list<AVPacket *,std::allocator<_Ty>>”需要有 dll 接口由 class“XAVPacketList”的客户端使用
D:\study\media-related\ffmpeg\code\src\xcodec\xtools.h(153,31): warning C4251:         with
D:\study\media-related\ffmpeg\code\src\xcodec\xtools.h(153,31): warning C4251:         [
D:\study\media-related\ffmpeg\code\src\xcodec\xtools.h(153,31): warning C4251:             _Ty=AVPacket *
D:\study\media-related\ffmpeg\code\src\xcodec\xtools.h(153,31): warning C4251:         ]
D:\study\media-related\ffmpeg\code\src\xcodec\xtools.h(153): message : 参见“std::list<AVPacket *,std::allocator<_Ty>>”的声明
D:\study\media-related\ffmpeg\code\src\xcodec\xtools.h(153): message :         with
D:\study\media-related\ffmpeg\code\src\xcodec\xtools.h(153): message :         [
D:\study\media-related\ffmpeg\code\src\xcodec\xtools.h(153): message :             _Ty=AVPacket *
D:\study\media-related\ffmpeg\code\src\xcodec\xtools.h(153): message :         ]
D:\study\media-related\ffmpeg\code\src\xcodec\xtools.h(155,20): warning C4251: “XAVPacketList::mux_”: class“std::mutex”需要有 dll 接口由 class“XAVPacketList”的客户端使用
C:\Program Files (x86)\Microsoft Visual Studio\2019\Community\VC\Tools\MSVC\14.23.28105\include\mutex(83): message : 参见“std::mutex”的声明
D:\study\media-related\ffmpeg\code\src\xcodec\xformat.h(95,20): warning C4251: “XFormat::mux_”: class“std::mutex”需要有 dll 接口由 class“XFormat”的客户端使用
C:\Program Files (x86)\Microsoft Visual Studio\2019\Community\VC\Tools\MSVC\14.23.28105\include\mutex(83): message : 参见“std::mutex”的声明
  xdemux_task.cpp
D:\study\media-related\ffmpeg\code\src\xcodec\xdemux.cpp(32,10): fatal error C1083: 无法打开包括文件: “libavformat/avformat.h”: No such file or directory
D:\study\media-related\ffmpeg\code\src\xcodec\xtools.h(117,20): warning C4251: “XThread::th_”: class“std::thread”需要有 dll 接口由 class“XThread”的客户端使用
C:\Program Files (x86)\Microsoft Visual Studio\2019\Community\VC\Tools\MSVC\14.23.28105\include\thread(25): message : 参见“std::thread”的声明
D:\study\media-related\ffmpeg\code\src\xcodec\xtools.h(118,18): warning C4251: “XThread::m_”: class“std::mutex”需要有 dll 接口由 class“XThread”的客户端使用
C:\Program Files (x86)\Microsoft Visual Studio\2019\Community\VC\Tools\MSVC\14.23.28105\include\mutex(83): message : 参见“std::mutex”的声明
D:\study\media-related\ffmpeg\code\src\xcodec\xtools.h(153,31): warning C4251: “XAVPacketList::pkts_”: class“std::list<AVPacket *,std::allocator<_Ty>>”需要有 dll 接口由 class“XAVPacketList”的客户端使用
D:\study\media-related\ffmpeg\code\src\xcodec\xtools.h(153,31): warning C4251:         with
D:\study\media-related\ffmpeg\code\src\xcodec\xtools.h(153,31): warning C4251:         [
D:\study\media-related\ffmpeg\code\src\xcodec\xtools.h(153,31): warning C4251:             _Ty=AVPacket *
D:\study\media-related\ffmpeg\code\src\xcodec\xtools.h(153,31): warning C4251:         ]
D:\study\media-related\ffmpeg\code\src\xcodec\xtools.h(153): message : 参见“std::list<AVPacket *,std::allocator<_Ty>>”的声明
D:\study\media-related\ffmpeg\code\src\xcodec\xtools.h(153): message :         with
D:\study\media-related\ffmpeg\code\src\xcodec\xtools.h(153): message :         [
D:\study\media-related\ffmpeg\code\src\xcodec\xtools.h(153): message :             _Ty=AVPacket *
D:\study\media-related\ffmpeg\code\src\xcodec\xtools.h(153): message :         ]
D:\study\media-related\ffmpeg\code\src\xcodec\xtools.h(155,20): warning C4251: “XAVPacketList::mux_”: class“std::mutex”需要有 dll 接口由 class“XAVPacketList”的客户端使用
C:\Program Files (x86)\Microsoft Visual Studio\2019\Community\VC\Tools\MSVC\14.23.28105\include\mutex(83): message : 参见“std::mutex”的声明
D:\study\media-related\ffmpeg\code\src\xcodec\xformat.h(95,20): warning C4251: “XFormat::mux_”: class“std::mutex”需要有 dll 接口由 class“XFormat”的客户端使用
C:\Program Files (x86)\Microsoft Visual Studio\2019\Community\VC\Tools\MSVC\14.23.28105\include\mutex(83): message : 参见“std::mutex”的声明
D:\study\media-related\ffmpeg\code\src\xcodec\xdemux_task.h(52,21): warning C4251: “XDemuxTask::url_”: class“std::basic_string<char,std::char_traits<char>,std::allocator<char>>”需要有 dll 接口由 class“XDemuxTask”的客户端使用
C:\Program Files (x86)\Microsoft Visual Studio\2019\Community\VC\Tools\MSVC\14.23.28105\include\xstring(4440): message : 参见“std::basic_string<char,std::char_traits<char>,std::allocator<char>>”的声明
  xencode.cpp
D:\study\media-related\ffmpeg\code\src\xcodec\xdemux_task.cpp(29,10): fatal error C1083: 无法打开包括文件: “libavformat/avformat.h”: No such file or directory
D:\study\media-related\ffmpeg\code\src\xcodec\xtools.h(117,20): warning C4251: “XThread::th_”: class“std::thread”需要有 dll 接口由 class“XThread”的客户端使用
C:\Program Files (x86)\Microsoft Visual Studio\2019\Community\VC\Tools\MSVC\14.23.28105\include\thread(25): message : 参见“std::thread”的声明
D:\study\media-related\ffmpeg\code\src\xcodec\xtools.h(118,18): warning C4251: “XThread::m_”: class“std::mutex”需要有 dll 接口由 class“XThread”的客户端使用
C:\Program Files (x86)\Microsoft Visual Studio\2019\Community\VC\Tools\MSVC\14.23.28105\include\mutex(83): message : 参见“std::mutex”的声明
D:\study\media-related\ffmpeg\code\src\xcodec\xtools.h(153,31): warning C4251: “XAVPacketList::pkts_”: class“std::list<AVPacket *,std::allocator<_Ty>>”需要有 dll 接口由 class“XAVPacketList”的客户端使用
D:\study\media-related\ffmpeg\code\src\xcodec\xtools.h(153,31): warning C4251:         with
D:\study\media-related\ffmpeg\code\src\xcodec\xtools.h(153,31): warning C4251:         [
D:\study\media-related\ffmpeg\code\src\xcodec\xtools.h(153,31): warning C4251:             _Ty=AVPacket *
D:\study\media-related\ffmpeg\code\src\xcodec\xtools.h(153,31): warning C4251:         ]
D:\study\media-related\ffmpeg\code\src\xcodec\xtools.h(153): message : 参见“std::list<AVPacket *,std::allocator<_Ty>>”的声明
D:\study\media-related\ffmpeg\code\src\xcodec\xtools.h(153): message :         with
D:\study\media-related\ffmpeg\code\src\xcodec\xtools.h(153): message :         [
D:\study\media-related\ffmpeg\code\src\xcodec\xtools.h(153): message :             _Ty=AVPacket *
D:\study\media-related\ffmpeg\code\src\xcodec\xtools.h(153): message :         ]
D:\study\media-related\ffmpeg\code\src\xcodec\xtools.h(155,20): warning C4251: “XAVPacketList::mux_”: class“std::mutex”需要有 dll 接口由 class“XAVPacketList”的客户端使用
C:\Program Files (x86)\Microsoft Visual Studio\2019\Community\VC\Tools\MSVC\14.23.28105\include\mutex(83): message : 参见“std::mutex”的声明
D:\study\media-related\ffmpeg\code\src\xcodec\xcodec.h(64,20): warning C4251: “XCodec::mux_”: class“std::mutex”需要有 dll 接口由 class“XCodec”的客户端使用
C:\Program Files (x86)\Microsoft Visual Studio\2019\Community\VC\Tools\MSVC\14.23.28105\include\mutex(83): message : 参见“std::mutex”的声明
  xformat.cpp
D:\study\media-related\ffmpeg\code\src\xcodec\xencode.cpp(31,10): fatal error C1083: 无法打开包括文件: “libavcodec/avcodec.h”: No such file or directory
D:\study\media-related\ffmpeg\code\src\xcodec\xtools.h(117,20): warning C4251: “XThread::th_”: class“std::thread”需要有 dll 接口由 class“XThread”的客户端使用
C:\Program Files (x86)\Microsoft Visual Studio\2019\Community\VC\Tools\MSVC\14.23.28105\include\thread(25): message : 参见“std::thread”的声明
D:\study\media-related\ffmpeg\code\src\xcodec\xtools.h(118,18): warning C4251: “XThread::m_”: class“std::mutex”需要有 dll 接口由 class“XThread”的客户端使用
C:\Program Files (x86)\Microsoft Visual Studio\2019\Community\VC\Tools\MSVC\14.23.28105\include\mutex(83): message : 参见“std::mutex”的声明
D:\study\media-related\ffmpeg\code\src\xcodec\xtools.h(153,31): warning C4251: “XAVPacketList::pkts_”: class“std::list<AVPacket *,std::allocator<_Ty>>”需要有 dll 接口由 class“XAVPacketList”的客户端使用
D:\study\media-related\ffmpeg\code\src\xcodec\xtools.h(153,31): warning C4251:         with
D:\study\media-related\ffmpeg\code\src\xcodec\xtools.h(153,31): warning C4251:         [
D:\study\media-related\ffmpeg\code\src\xcodec\xtools.h(153,31): warning C4251:             _Ty=AVPacket *
D:\study\media-related\ffmpeg\code\src\xcodec\xtools.h(153,31): warning C4251:         ]
D:\study\media-related\ffmpeg\code\src\xcodec\xtools.h(153): message : 参见“std::list<AVPacket *,std::allocator<_Ty>>”的声明
D:\study\media-related\ffmpeg\code\src\xcodec\xtools.h(153): message :         with
D:\study\media-related\ffmpeg\code\src\xcodec\xtools.h(153): message :         [
D:\study\media-related\ffmpeg\code\src\xcodec\xtools.h(153): message :             _Ty=AVPacket *
D:\study\media-related\ffmpeg\code\src\xcodec\xtools.h(153): message :         ]
D:\study\media-related\ffmpeg\code\src\xcodec\xtools.h(155,20): warning C4251: “XAVPacketList::mux_”: class“std::mutex”需要有 dll 接口由 class“XAVPacketList”的客户端使用
C:\Program Files (x86)\Microsoft Visual Studio\2019\Community\VC\Tools\MSVC\14.23.28105\include\mutex(83): message : 参见“std::mutex”的声明
D:\study\media-related\ffmpeg\code\src\xcodec\xformat.h(95,20): warning C4251: “XFormat::mux_”: class“std::mutex”需要有 dll 接口由 class“XFormat”的客户端使用
C:\Program Files (x86)\Microsoft Visual Studio\2019\Community\VC\Tools\MSVC\14.23.28105\include\mutex(83): message : 参见“std::mutex”的声明
  xmux.cpp
D:\study\media-related\ffmpeg\code\src\xcodec\xformat.cpp(33,10): fatal error C1083: 无法打开包括文件: “libavformat/avformat.h”: No such file or directory
D:\study\media-related\ffmpeg\code\src\xcodec\xtools.h(117,20): warning C4251: “XThread::th_”: class“std::thread”需要有 dll 接口由 class“XThread”的客户端使用
C:\Program Files (x86)\Microsoft Visual Studio\2019\Community\VC\Tools\MSVC\14.23.28105\include\thread(25): message : 参见“std::thread”的声明
D:\study\media-related\ffmpeg\code\src\xcodec\xtools.h(118,18): warning C4251: “XThread::m_”: class“std::mutex”需要有 dll 接口由 class“XThread”的客户端使用
C:\Program Files (x86)\Microsoft Visual Studio\2019\Community\VC\Tools\MSVC\14.23.28105\include\mutex(83): message : 参见“std::mutex”的声明
D:\study\media-related\ffmpeg\code\src\xcodec\xtools.h(153,31): warning C4251: “XAVPacketList::pkts_”: class“std::list<AVPacket *,std::allocator<_Ty>>”需要有 dll 接口由 class“XAVPacketList”的客户端使用
D:\study\media-related\ffmpeg\code\src\xcodec\xtools.h(153,31): warning C4251:         with
D:\study\media-related\ffmpeg\code\src\xcodec\xtools.h(153,31): warning C4251:         [
D:\study\media-related\ffmpeg\code\src\xcodec\xtools.h(153,31): warning C4251:             _Ty=AVPacket *
D:\study\media-related\ffmpeg\code\src\xcodec\xtools.h(153,31): warning C4251:         ]
D:\study\media-related\ffmpeg\code\src\xcodec\xtools.h(153): message : 参见“std::list<AVPacket *,std::allocator<_Ty>>”的声明
D:\study\media-related\ffmpeg\code\src\xcodec\xtools.h(153): message :         with
D:\study\media-related\ffmpeg\code\src\xcodec\xtools.h(153): message :         [
D:\study\media-related\ffmpeg\code\src\xcodec\xtools.h(153): message :             _Ty=AVPacket *
D:\study\media-related\ffmpeg\code\src\xcodec\xtools.h(153): message :         ]
D:\study\media-related\ffmpeg\code\src\xcodec\xtools.h(155,20): warning C4251: “XAVPacketList::mux_”: class“std::mutex”需要有 dll 接口由 class“XAVPacketList”的客户端使用
C:\Program Files (x86)\Microsoft Visual Studio\2019\Community\VC\Tools\MSVC\14.23.28105\include\mutex(83): message : 参见“std::mutex”的声明
D:\study\media-related\ffmpeg\code\src\xcodec\xformat.h(95,20): warning C4251: “XFormat::mux_”: class“std::mutex”需要有 dll 接口由 class“XFormat”的客户端使用
C:\Program Files (x86)\Microsoft Visual Studio\2019\Community\VC\Tools\MSVC\14.23.28105\include\mutex(83): message : 参见“std::mutex”的声明
  xmux_task.cpp
D:\study\media-related\ffmpeg\code\src\xcodec\xmux.cpp(33,10): fatal error C1083: 无法打开包括文件: “libavformat/avformat.h”: No such file or directory
D:\study\media-related\ffmpeg\code\src\xcodec\xmux_task.cpp(1,1): warning C4819: 该文件包含不能在当前代码页(936)中表示的字符。请将该文件保存为 Unicode 格式以防止数据丢失
D:\study\media-related\ffmpeg\code\src\xcodec\xtools.h(117,20): warning C4251: “XThread::th_”: class“std::thread”需要有 dll 接口由 class“XThread”的客户端使用
C:\Program Files (x86)\Microsoft Visual Studio\2019\Community\VC\Tools\MSVC\14.23.28105\include\thread(25): message : 参见“std::thread”的声明
D:\study\media-related\ffmpeg\code\src\xcodec\xtools.h(118,18): warning C4251: “XThread::m_”: class“std::mutex”需要有 dll 接口由 class“XThread”的客户端使用
C:\Program Files (x86)\Microsoft Visual Studio\2019\Community\VC\Tools\MSVC\14.23.28105\include\mutex(83): message : 参见“std::mutex”的声明
D:\study\media-related\ffmpeg\code\src\xcodec\xtools.h(153,31): warning C4251: “XAVPacketList::pkts_”: class“std::list<AVPacket *,std::allocator<_Ty>>”需要有 dll 接口由 class“XAVPacketList”的客户端使用
D:\study\media-related\ffmpeg\code\src\xcodec\xtools.h(153,31): warning C4251:         with
D:\study\media-related\ffmpeg\code\src\xcodec\xtools.h(153,31): warning C4251:         [
D:\study\media-related\ffmpeg\code\src\xcodec\xtools.h(153,31): warning C4251:             _Ty=AVPacket *
D:\study\media-related\ffmpeg\code\src\xcodec\xtools.h(153,31): warning C4251:         ]
D:\study\media-related\ffmpeg\code\src\xcodec\xtools.h(153): message : 参见“std::list<AVPacket *,std::allocator<_Ty>>”的声明
D:\study\media-related\ffmpeg\code\src\xcodec\xtools.h(153): message :         with
D:\study\media-related\ffmpeg\code\src\xcodec\xtools.h(153): message :         [
D:\study\media-related\ffmpeg\code\src\xcodec\xtools.h(153): message :             _Ty=AVPacket *
D:\study\media-related\ffmpeg\code\src\xcodec\xtools.h(153): message :         ]
D:\study\media-related\ffmpeg\code\src\xcodec\xtools.h(155,20): warning C4251: “XAVPacketList::mux_”: class“std::mutex”需要有 dll 接口由 class“XAVPacketList”的客户端使用
C:\Program Files (x86)\Microsoft Visual Studio\2019\Community\VC\Tools\MSVC\14.23.28105\include\mutex(83): message : 参见“std::mutex”的声明
D:\study\media-related\ffmpeg\code\src\xcodec\xformat.h(95,20): warning C4251: “XFormat::mux_”: class“std::mutex”需要有 dll 接口由 class“XFormat”的客户端使用
C:\Program Files (x86)\Microsoft Visual Studio\2019\Community\VC\Tools\MSVC\14.23.28105\include\mutex(83): message : 参见“std::mutex”的声明
D:\study\media-related\ffmpeg\code\src\xcodec\xmux_task.h(54,20): warning C4251: “XMuxTask::mux_”: class“std::mutex”需要有 dll 接口由 class“XMuxTask”的客户端使用
C:\Program Files (x86)\Microsoft Visual Studio\2019\Community\VC\Tools\MSVC\14.23.28105\include\mutex(83): message : 参见“std::mutex”的声明
  xsdl.cpp
D:\study\media-related\ffmpeg\code\src\xcodec\xmux_task.cpp(29,10): fatal error C1083: 无法打开包括文件: “libavformat/avformat.h”: No such file or directory
D:\study\media-related\ffmpeg\code\src\xcodec\xtools.h(117,20): warning C4251: “XThread::th_”: class“std::thread”需要有 dll 接口由 class“XThread”的客户端使用
C:\Program Files (x86)\Microsoft Visual Studio\2019\Community\VC\Tools\MSVC\14.23.28105\include\thread(25): message : 参见“std::thread”的声明
D:\study\media-related\ffmpeg\code\src\xcodec\xtools.h(118,18): warning C4251: “XThread::m_”: class“std::mutex”需要有 dll 接口由 class“XThread”的客户端使用
C:\Program Files (x86)\Microsoft Visual Studio\2019\Community\VC\Tools\MSVC\14.23.28105\include\mutex(83): message : 参见“std::mutex”的声明
D:\study\media-related\ffmpeg\code\src\xcodec\xtools.h(153,31): warning C4251: “XAVPacketList::pkts_”: class“std::list<AVPacket *,std::allocator<_Ty>>”需要有 dll 接口由 class“XAVPacketList”的客户端使用
D:\study\media-related\ffmpeg\code\src\xcodec\xtools.h(153,31): warning C4251:         with
D:\study\media-related\ffmpeg\code\src\xcodec\xtools.h(153,31): warning C4251:         [
D:\study\media-related\ffmpeg\code\src\xcodec\xtools.h(153,31): warning C4251:             _Ty=AVPacket *
D:\study\media-related\ffmpeg\code\src\xcodec\xtools.h(153,31): warning C4251:         ]
D:\study\media-related\ffmpeg\code\src\xcodec\xtools.h(153): message : 参见“std::list<AVPacket *,std::allocator<_Ty>>”的声明
D:\study\media-related\ffmpeg\code\src\xcodec\xtools.h(153): message :         with
D:\study\media-related\ffmpeg\code\src\xcodec\xtools.h(153): message :         [
D:\study\media-related\ffmpeg\code\src\xcodec\xtools.h(153): message :             _Ty=AVPacket *
D:\study\media-related\ffmpeg\code\src\xcodec\xtools.h(153): message :         ]
D:\study\media-related\ffmpeg\code\src\xcodec\xtools.h(155,20): warning C4251: “XAVPacketList::mux_”: class“std::mutex”需要有 dll 接口由 class“XAVPacketList”的客户端使用
C:\Program Files (x86)\Microsoft Visual Studio\2019\Community\VC\Tools\MSVC\14.23.28105\include\mutex(83): message : 参见“std::mutex”的声明
D:\study\media-related\ffmpeg\code\src\xcodec\xvideo_view.h(111,20): warning C4251: “XVideoView::mtx_”: class“std::mutex”需要有 dll 接口由 class“XVideoView”的客户端使用
C:\Program Files (x86)\Microsoft Visual Studio\2019\Community\VC\Tools\MSVC\14.23.28105\include\mutex(83): message : 参见“std::mutex”的声明
D:\study\media-related\ffmpeg\code\src\xcodec\xvideo_view.h(118,23): warning C4251: “XVideoView::ifs_”: class“std::basic_ifstream<char,std::char_traits<char>>”需要有 dll 接口由 class“XVideoView”的客户端使用
C:\Program Files (x86)\Microsoft Visual Studio\2019\Community\VC\Tools\MSVC\14.23.28105\include\iosfwd(223): message : 参见“std::basic_ifstream<char,std::char_traits<char>>”的声明
  xtools.cpp
D:\study\media-related\ffmpeg\code\src\xcodec\xsdl.cpp(27,10): fatal error C1083: 无法打开包括文件: “sdl/SDL.h”: No such file or directory
D:\study\media-related\ffmpeg\code\src\xcodec\xtools.h(117,20): warning C4251: “XThread::th_”: class“std::thread”需要有 dll 接口由 class“XThread”的客户端使用
C:\Program Files (x86)\Microsoft Visual Studio\2019\Community\VC\Tools\MSVC\14.23.28105\include\thread(25): message : 参见“std::thread”的声明
D:\study\media-related\ffmpeg\code\src\xcodec\xtools.h(118,18): warning C4251: “XThread::m_”: class“std::mutex”需要有 dll 接口由 class“XThread”的客户端使用
C:\Program Files (x86)\Microsoft Visual Studio\2019\Community\VC\Tools\MSVC\14.23.28105\include\mutex(83): message : 参见“std::mutex”的声明
D:\study\media-related\ffmpeg\code\src\xcodec\xtools.h(153,31): warning C4251: “XAVPacketList::pkts_”: class“std::list<AVPacket *,std::allocator<_Ty>>”需要有 dll 接口由 class“XAVPacketList”的客户端使用
D:\study\media-related\ffmpeg\code\src\xcodec\xtools.h(153,31): warning C4251:         with
D:\study\media-related\ffmpeg\code\src\xcodec\xtools.h(153,31): warning C4251:         [
D:\study\media-related\ffmpeg\code\src\xcodec\xtools.h(153,31): warning C4251:             _Ty=AVPacket *
D:\study\media-related\ffmpeg\code\src\xcodec\xtools.h(153,31): warning C4251:         ]
D:\study\media-related\ffmpeg\code\src\xcodec\xtools.h(153): message : 参见“std::list<AVPacket *,std::allocator<_Ty>>”的声明
D:\study\media-related\ffmpeg\code\src\xcodec\xtools.h(153): message :         with
D:\study\media-related\ffmpeg\code\src\xcodec\xtools.h(153): message :         [
D:\study\media-related\ffmpeg\code\src\xcodec\xtools.h(153): message :             _Ty=AVPacket *
D:\study\media-related\ffmpeg\code\src\xcodec\xtools.h(153): message :         ]
D:\study\media-related\ffmpeg\code\src\xcodec\xtools.h(155,20): warning C4251: “XAVPacketList::mux_”: class“std::mutex”需要有 dll 接口由 class“XAVPacketList”的客户端使用
C:\Program Files (x86)\Microsoft Visual Studio\2019\Community\VC\Tools\MSVC\14.23.28105\include\mutex(83): message : 参见“std::mutex”的声明
  xvideo_view.cpp
D:\study\media-related\ffmpeg\code\src\xcodec\xtools.cpp(31,10): fatal error C1083: 无法打开包括文件: “libavformat/avformat.h”: No such file or directory
D:\study\media-related\ffmpeg\code\src\xcodec\xtools.h(117,20): warning C4251: “XThread::th_”: class“std::thread”需要有 dll 接口由 class“XThread”的客户端使用
C:\Program Files (x86)\Microsoft Visual Studio\2019\Community\VC\Tools\MSVC\14.23.28105\include\thread(25): message : 参见“std::thread”的声明
D:\study\media-related\ffmpeg\code\src\xcodec\xtools.h(118,18): warning C4251: “XThread::m_”: class“std::mutex”需要有 dll 接口由 class“XThread”的客户端使用
C:\Program Files (x86)\Microsoft Visual Studio\2019\Community\VC\Tools\MSVC\14.23.28105\include\mutex(83): message : 参见“std::mutex”的声明
D:\study\media-related\ffmpeg\code\src\xcodec\xtools.h(153,31): warning C4251: “XAVPacketList::pkts_”: class“std::list<AVPacket *,std::allocator<_Ty>>”需要有 dll 接口由 class“XAVPacketList”的客户端使用
D:\study\media-related\ffmpeg\code\src\xcodec\xtools.h(153,31): warning C4251:         with
D:\study\media-related\ffmpeg\code\src\xcodec\xtools.h(153,31): warning C4251:         [
D:\study\media-related\ffmpeg\code\src\xcodec\xtools.h(153,31): warning C4251:             _Ty=AVPacket *
D:\study\media-related\ffmpeg\code\src\xcodec\xtools.h(153,31): warning C4251:         ]
D:\study\media-related\ffmpeg\code\src\xcodec\xtools.h(153): message : 参见“std::list<AVPacket *,std::allocator<_Ty>>”的声明
D:\study\media-related\ffmpeg\code\src\xcodec\xtools.h(153): message :         with
D:\study\media-related\ffmpeg\code\src\xcodec\xtools.h(153): message :         [
D:\study\media-related\ffmpeg\code\src\xcodec\xtools.h(153): message :             _Ty=AVPacket *
D:\study\media-related\ffmpeg\code\src\xcodec\xtools.h(153): message :         ]
D:\study\media-related\ffmpeg\code\src\xcodec\xtools.h(155,20): warning C4251: “XAVPacketList::mux_”: class“std::mutex”需要有 dll 接口由 class“XAVPacketList”的客户端使用
C:\Program Files (x86)\Microsoft Visual Studio\2019\Community\VC\Tools\MSVC\14.23.28105\include\mutex(83): message : 参见“std::mutex”的声明
D:\study\media-related\ffmpeg\code\src\xcodec\xvideo_view.h(111,20): warning C4251: “XVideoView::mtx_”: class“std::mutex”需要有 dll 接口由 class“XVideoView”的客户端使用
C:\Program Files (x86)\Microsoft Visual Studio\2019\Community\VC\Tools\MSVC\14.23.28105\include\mutex(83): message : 参见“std::mutex”的声明
D:\study\media-related\ffmpeg\code\src\xcodec\xvideo_view.h(118,23): warning C4251: “XVideoView::ifs_”: class“std::basic_ifstream<char,std::char_traits<char>>”需要有 dll 接口由 class“XVideoView”的客户端使用
C:\Program Files (x86)\Microsoft Visual Studio\2019\Community\VC\Tools\MSVC\14.23.28105\include\iosfwd(223): message : 参见“std::basic_ifstream<char,std::char_traits<char>>”的声明
  正在生成代码...
D:\study\media-related\ffmpeg\code\src\xcodec\xvideo_view.cpp(33,10): fatal error C1083: 无法打开包括文件: “libavcodec/avcodec.h”: No such file or directory
